[2025-11-17 14:47:53] onLogin called raw param={"class":"LoginForm","method":"onLogin","static":"1","login":"admin","password":"admin","previous_class":"WelcomeView","previous_method":"","previous_parameters":"a:2:{s:5:\"class\";s:9:\"LoginForm\";s:14:\"previous_class\";s:11:\"WelcomeView\";}"}
[2025-11-17 14:47:53] authenticate returned user=admin
[2025-11-17 14:47:53] goto previous_class=WelcomeView
[2025-11-17 14:47:57] onLogin called raw param={"class":"LoginForm","method":"onLogin","static":"1","login":"admin","password":"admin","previous_class":"WelcomeView","previous_method":"","previous_parameters":"a:2:{s:5:\"class\";s:9:\"LoginForm\";s:14:\"previous_class\";s:11:\"WelcomeView\";}"}
[2025-11-17 14:47:57] authenticate returned user=admin
[2025-11-17 14:47:58] goto previous_class=WelcomeView
[2025-11-17 14:50:59] onLogin called raw param={"class":"LoginForm","method":"onLogin","static":"1","login":"admin","password":"admin","previous_class":"WelcomeView","previous_method":"","previous_parameters":"a:2:{s:5:\"class\";s:9:\"LoginForm\";s:14:\"previous_class\";s:11:\"WelcomeView\";}"}
[2025-11-17 14:51:00] authenticate returned user=admin
[2025-11-17 14:51:00] goto previous_class=WelcomeView
[2025-11-17 14:53:27] onLogin called raw param={"class":"LoginForm","method":"onLogin","static":"1","login":"admin","password":"admin","previous_class":"WelcomeView","previous_method":"","previous_parameters":"a:2:{s:5:\"class\";s:9:\"LoginForm\";s:14:\"previous_class\";s:11:\"WelcomeView\";}"}
[2025-11-17 14:53:28] authenticate returned user=admin
[2025-11-17 14:53:28] goto previous_class=WelcomeView
[2025-11-17 14:53:31] onLogin called raw param={"class":"LoginForm","method":"onLogin","static":"1","login":"admin","password":"admin","previous_class":"WelcomeView","previous_method":"","previous_parameters":"a:2:{s:5:\"class\";s:9:\"LoginForm\";s:14:\"previous_class\";s:11:\"WelcomeView\";}"}
[2025-11-17 14:53:31] authenticate returned user=admin
[2025-11-17 14:53:32] goto previous_class=WelcomeView
[2025-11-17 14:55:45] onLogin called raw param={"class":"LoginForm","method":"onLogin","static":"1","login":"admin","password":"admin","previous_class":"","previous_method":"","previous_parameters":""}
[2025-11-17 14:55:46] authenticate returned user=admin
[2025-11-17 14:55:46] goto frontpage controller=WelcomeView
[2025-11-17 14:57:27] onLogin called raw param={"class":"LoginForm","method":"onLogin","static":"1","login":"admin","password":"admin","previous_class":"WelcomeView","previous_method":"","previous_parameters":"a:2:{s:5:\"class\";s:9:\"LoginForm\";s:14:\"previous_class\";s:11:\"WelcomeView\";}"}
[2025-11-17 14:57:27] authenticate returned user=admin
[2025-11-17 14:57:28] goto previous_class=WelcomeView
[2025-11-17 14:59:14] onLogin called raw param={"class":"LoginForm","method":"onLogin","static":"1","login":"admin","password":"admin","previous_class":"WelcomeView","previous_method":"","previous_parameters":"a:2:{s:5:\"class\";s:9:\"LoginForm\";s:14:\"previous_class\";s:11:\"WelcomeView\";}"}
[2025-11-17 14:59:14] authenticate returned user=admin
[2025-11-17 14:59:15] goto previous_class=WelcomeView
[2025-11-17 15:00:45] onLogin called raw param={"class":"LoginForm","method":"onLogin","static":"1","login":"admin","password":"admin","previous_class":"","previous_method":"","previous_parameters":""}
[2025-11-17 15:00:45] authenticate returned user=admin
[2025-11-17 15:00:46] goto frontpage controller=WelcomeView
[2025-11-17 15:00:57] onLogin called raw param={"class":"LoginForm","method":"onLogin","static":"1","login":"admin","password":"admin","previous_class":"WelcomeView","previous_method":"","previous_parameters":"a:2:{s:5:\"class\";s:9:\"LoginForm\";s:14:\"previous_class\";s:11:\"WelcomeView\";}"}
[2025-11-17 15:00:57] authenticate returned user=admin
[2025-11-17 15:00:58] goto previous_class=WelcomeView
